                                      1 ;--------------------------------------------------------
                                      2 ; File Created by SDCC : free open source ANSI-C Compiler
                                      3 ; Version 4.2.0 #13081 (Linux)
                                      4 ;--------------------------------------------------------
                                      5 	.module main
                                      6 	.optsdcc -mstm8
                                      7 	
                                      8 ;--------------------------------------------------------
                                      9 ; Public variables in this module
                                     10 ;--------------------------------------------------------
                                     11 	.globl _main
                                     12 	.globl _sendLine_UART
                                     13 	.globl _sendString_UART
                                     14 	.globl _init_UART
                                     15 ;--------------------------------------------------------
                                     16 ; ram data
                                     17 ;--------------------------------------------------------
                                     18 	.area DATA
                                     19 ;--------------------------------------------------------
                                     20 ; ram data
                                     21 ;--------------------------------------------------------
                                     22 	.area INITIALIZED
                                     23 ;--------------------------------------------------------
                                     24 ; Stack segment in internal ram
                                     25 ;--------------------------------------------------------
                                     26 	.area	SSEG
      000000                         27 __start__stack:
      000000                         28 	.ds	1
                                     29 
                                     30 ;--------------------------------------------------------
                                     31 ; absolute external ram data
                                     32 ;--------------------------------------------------------
                                     33 	.area DABS (ABS)
                                     34 
                                     35 ; default segment ordering for linker
                                     36 	.area HOME
                                     37 	.area GSINIT
                                     38 	.area GSFINAL
                                     39 	.area CONST
                                     40 	.area INITIALIZER
                                     41 	.area CODE
                                     42 
                                     43 ;--------------------------------------------------------
                                     44 ; interrupt vector
                                     45 ;--------------------------------------------------------
                                     46 	.area HOME
      000000                         47 __interrupt_vect:
      000000 82v00u00u00             48 	int s_GSINIT ; reset
                                     49 ;--------------------------------------------------------
                                     50 ; global & static initialisations
                                     51 ;--------------------------------------------------------
                                     52 	.area HOME
                                     53 	.area GSINIT
                                     54 	.area GSFINAL
                                     55 	.area GSINIT
      000000                         56 __sdcc_init_data:
                                     57 ; stm8_genXINIT() start
      000000 AEr00r00         [ 2]   58 	ldw x, #l_DATA
      000003 27 07            [ 1]   59 	jreq	00002$
      000005                         60 00001$:
      000005 72 4FuFFuFF      [ 1]   61 	clr (s_DATA - 1, x)
      000009 5A               [ 2]   62 	decw x
      00000A 26 F9            [ 1]   63 	jrne	00001$
      00000C                         64 00002$:
      00000C AEr00r00         [ 2]   65 	ldw	x, #l_INITIALIZER
      00000F 27 09            [ 1]   66 	jreq	00004$
      000011                         67 00003$:
      000011 D6uFFuFF         [ 1]   68 	ld	a, (s_INITIALIZER - 1, x)
      000014 D7uFFuFF         [ 1]   69 	ld	(s_INITIALIZED - 1, x), a
      000017 5A               [ 2]   70 	decw	x
      000018 26 F7            [ 1]   71 	jrne	00003$
      00001A                         72 00004$:
                                     73 ; stm8_genXINIT() end
                                     74 	.area GSFINAL
      000000 CCr00r04         [ 2]   75 	jp	__sdcc_program_startup
                                     76 ;--------------------------------------------------------
                                     77 ; Home
                                     78 ;--------------------------------------------------------
                                     79 	.area HOME
                                     80 	.area HOME
      000004                         81 __sdcc_program_startup:
      000004 CCr00r00         [ 2]   82 	jp	_main
                                     83 ;	return from main will return to caller
                                     84 ;--------------------------------------------------------
                                     85 ; code
                                     86 ;--------------------------------------------------------
                                     87 	.area CODE
                                     88 ;	main.c: 5: void main(void) {
                                     89 ;	-----------------------------------------
                                     90 ;	 function main
                                     91 ;	-----------------------------------------
      000000                         92 _main:
                                     93 ;	main.c: 7: CLK_CKDIVR = 0;		// 1. Устанавливаем частоту 16 МГц
      000000 35 00 50 C6      [ 1]   94 	mov	0x50c6+0, #0x00
                                     95 ;	main.c: 9: init_UART(9600);	// 2. Инициализируем периферию
      000004 4B 80            [ 1]   96 	push	#0x80
      000006 4B 25            [ 1]   97 	push	#0x25
      000008 5F               [ 1]   98 	clrw	x
      000009 89               [ 2]   99 	pushw	x
      00000A CDr00r00         [ 4]  100 	call	_init_UART
                                    101 ;	main.c: 11: sendString_UART("Hello world!");
      00000D AEr00r00         [ 2]  102 	ldw	x, #(___str_0+0)
      000010 CDr00r00         [ 4]  103 	call	_sendString_UART
                                    104 ;	main.c: 12: sendLine_UART();
      000013 CDr00r00         [ 4]  105 	call	_sendLine_UART
                                    106 ;	main.c: 14: while(1)
      000016                        107 00102$:
      000016 20 FE            [ 2]  108 	jra	00102$
                                    109 ;	main.c: 18: }
      000018 81               [ 4]  110 	ret
                                    111 	.area CODE
                                    112 	.area CONST
                                    113 	.area CONST
      000000                        114 ___str_0:
      000000 48 65 6C 6C 6F 20 77   115 	.ascii "Hello world!"
             6F 72 6C 64 21
      00000C 00                     116 	.db 0x00
                                    117 	.area CODE
                                    118 	.area INITIALIZER
                                    119 	.area CABS (ABS)
