                                      1 ;--------------------------------------------------------
                                      2 ; File Created by SDCC : free open source ISO C Compiler
                                      3 ; Version 4.5.10 #15702 (MINGW64)
                                      4 ;--------------------------------------------------------
                                      5 	.module stm8_GPIO
                                      6 	
                                      7 ;--------------------------------------------------------
                                      8 ; Public variables in this module
                                      9 ;--------------------------------------------------------
                                     10 	.globl _pinMode
                                     11 	.globl _writePin
                                     12 	.globl _togglePin
                                     13 	.globl _readPin
                                     14 ;--------------------------------------------------------
                                     15 ; ram data
                                     16 ;--------------------------------------------------------
                                     17 	.area DATA
                                     18 ;--------------------------------------------------------
                                     19 ; ram data
                                     20 ;--------------------------------------------------------
                                     21 	.area INITIALIZED
                                     22 ;--------------------------------------------------------
                                     23 ; absolute external ram data
                                     24 ;--------------------------------------------------------
                                     25 	.area DABS (ABS)
                                     26 
                                     27 ; default segment ordering for linker
                                     28 	.area HOME
                                     29 	.area GSINIT
                                     30 	.area GSFINAL
                                     31 	.area CONST
                                     32 	.area INITIALIZER
                                     33 	.area CODE
                                     34 
                                     35 ;--------------------------------------------------------
                                     36 ; global & static initialisations
                                     37 ;--------------------------------------------------------
                                     38 	.area HOME
                                     39 	.area GSINIT
                                     40 	.area GSFINAL
                                     41 	.area GSINIT
                                     42 ;--------------------------------------------------------
                                     43 ; Home
                                     44 ;--------------------------------------------------------
                                     45 	.area HOME
                                     46 	.area HOME
                                     47 ;--------------------------------------------------------
                                     48 ; code
                                     49 ;--------------------------------------------------------
                                     50 	.area CODE
                                     51 ;	../../libs/stm8_GPIO.c: 3: void pinMode(volatile uint8_t* port, uint8_t pin, uint8_t mode) {
                                     52 ;	-----------------------------------------
                                     53 ;	 function pinMode
                                     54 ;	-----------------------------------------
      000000                         55 _pinMode:
      000000 52 06            [ 2]   56 	sub	sp, #6
                                     57 ;	../../libs/stm8_GPIO.c: 5: *(port + 2) |= (1 << pin);
      000002 1F 05            [ 2]   58 	ldw	(0x05, sp), x
      000004 5C               [ 1]   59 	incw	x
      000005 5C               [ 1]   60 	incw	x
      000006 88               [ 1]   61 	push	a
      000007 A6 01            [ 1]   62 	ld	a, #0x01
      000009 6B 02            [ 1]   63 	ld	(0x02, sp), a
      00000B 84               [ 1]   64 	pop	a
      00000C 4D               [ 1]   65 	tnz	a
      00000D 27 05            [ 1]   66 	jreq	00143$
      00000F                         67 00142$:
      00000F 08 01            [ 1]   68 	sll	(0x01, sp)
      000011 4A               [ 1]   69 	dec	a
      000012 26 FB            [ 1]   70 	jrne	00142$
      000014                         71 00143$:
                                     72 ;	../../libs/stm8_GPIO.c: 6: *(port + 3) |= (1 << pin);
      000014 16 05            [ 2]   73 	ldw	y, (0x05, sp)
      000016 72 A9 00 03      [ 2]   74 	addw	y, #0x0003
      00001A 17 02            [ 2]   75 	ldw	(0x02, sp), y
                                     76 ;	../../libs/stm8_GPIO.c: 4: if (mode == OUTPUT) {
      00001C 0D 09            [ 1]   77 	tnz	(0x09, sp)
      00001E 26 0E            [ 1]   78 	jrne	00110$
                                     79 ;	../../libs/stm8_GPIO.c: 5: *(port + 2) |= (1 << pin);
      000020 F6               [ 1]   80 	ld	a, (x)
      000021 1A 01            [ 1]   81 	or	a, (0x01, sp)
      000023 F7               [ 1]   82 	ld	(x), a
                                     83 ;	../../libs/stm8_GPIO.c: 6: *(port + 3) |= (1 << pin);
      000024 1E 02            [ 2]   84 	ldw	x, (0x02, sp)
      000026 F6               [ 1]   85 	ld	a, (x)
      000027 1A 01            [ 1]   86 	or	a, (0x01, sp)
      000029 1E 02            [ 2]   87 	ldw	x, (0x02, sp)
      00002B F7               [ 1]   88 	ld	(x), a
      00002C 20 47            [ 2]   89 	jra	00112$
      00002E                         90 00110$:
                                     91 ;	../../libs/stm8_GPIO.c: 8: else if (mode == OUTPUT_FAST) {
      00002E 7B 09            [ 1]   92 	ld	a, (0x09, sp)
      000030 4A               [ 1]   93 	dec	a
      000031 26 17            [ 1]   94 	jrne	00107$
                                     95 ;	../../libs/stm8_GPIO.c: 9: *(port + 2) |= (1 << pin);
      000033 F6               [ 1]   96 	ld	a, (x)
      000034 1A 01            [ 1]   97 	or	a, (0x01, sp)
      000036 F7               [ 1]   98 	ld	(x), a
                                     99 ;	../../libs/stm8_GPIO.c: 10: *(port + 3) |= (1 << pin);
      000037 1E 02            [ 2]  100 	ldw	x, (0x02, sp)
      000039 F6               [ 1]  101 	ld	a, (x)
      00003A 1A 01            [ 1]  102 	or	a, (0x01, sp)
      00003C 1E 02            [ 2]  103 	ldw	x, (0x02, sp)
      00003E F7               [ 1]  104 	ld	(x), a
                                    105 ;	../../libs/stm8_GPIO.c: 11: *(port + 4) |= (1 << pin);
      00003F 1E 05            [ 2]  106 	ldw	x, (0x05, sp)
      000041 1C 00 04         [ 2]  107 	addw	x, #0x0004
      000044 F6               [ 1]  108 	ld	a, (x)
      000045 1A 01            [ 1]  109 	or	a, (0x01, sp)
      000047 F7               [ 1]  110 	ld	(x), a
      000048 20 2B            [ 2]  111 	jra	00112$
      00004A                        112 00107$:
                                    113 ;	../../libs/stm8_GPIO.c: 14: *(port + 2) &= ~(1 << pin);
      00004A 7B 01            [ 1]  114 	ld	a, (0x01, sp)
      00004C 43               [ 1]  115 	cpl	a
      00004D 6B 04            [ 1]  116 	ld	(0x04, sp), a
                                    117 ;	../../libs/stm8_GPIO.c: 13: else if (mode == INPUT) {
      00004F 7B 09            [ 1]  118 	ld	a, (0x09, sp)
      000051 A1 02            [ 1]  119 	cp	a, #0x02
      000053 26 0E            [ 1]  120 	jrne	00104$
                                    121 ;	../../libs/stm8_GPIO.c: 14: *(port + 2) &= ~(1 << pin);
      000055 F6               [ 1]  122 	ld	a, (x)
      000056 14 04            [ 1]  123 	and	a, (0x04, sp)
      000058 F7               [ 1]  124 	ld	(x), a
                                    125 ;	../../libs/stm8_GPIO.c: 15: *(port + 3) &= ~(1 << pin);
      000059 1E 02            [ 2]  126 	ldw	x, (0x02, sp)
      00005B F6               [ 1]  127 	ld	a, (x)
      00005C 14 04            [ 1]  128 	and	a, (0x04, sp)
      00005E 1E 02            [ 2]  129 	ldw	x, (0x02, sp)
      000060 F7               [ 1]  130 	ld	(x), a
      000061 20 12            [ 2]  131 	jra	00112$
      000063                        132 00104$:
                                    133 ;	../../libs/stm8_GPIO.c: 17: else if (mode == INPUT_PULLUP) {
      000063 7B 09            [ 1]  134 	ld	a, (0x09, sp)
      000065 A1 03            [ 1]  135 	cp	a, #0x03
      000067 26 0C            [ 1]  136 	jrne	00112$
                                    137 ;	../../libs/stm8_GPIO.c: 18: *(port + 2) &= ~(1 << pin);
      000069 F6               [ 1]  138 	ld	a, (x)
      00006A 14 04            [ 1]  139 	and	a, (0x04, sp)
      00006C F7               [ 1]  140 	ld	(x), a
                                    141 ;	../../libs/stm8_GPIO.c: 19: *(port + 3) |= (1 << pin);
      00006D 1E 02            [ 2]  142 	ldw	x, (0x02, sp)
      00006F F6               [ 1]  143 	ld	a, (x)
      000070 1A 01            [ 1]  144 	or	a, (0x01, sp)
      000072 1E 02            [ 2]  145 	ldw	x, (0x02, sp)
      000074 F7               [ 1]  146 	ld	(x), a
      000075                        147 00112$:
                                    148 ;	../../libs/stm8_GPIO.c: 21: }
      000075 5B 06            [ 2]  149 	addw	sp, #6
      000077 85               [ 2]  150 	popw	x
      000078 84               [ 1]  151 	pop	a
      000079 FC               [ 2]  152 	jp	(x)
                                    153 ;	../../libs/stm8_GPIO.c: 23: void writePin(volatile uint8_t* port, uint8_t pin, uint8_t state) {
                                    154 ;	-----------------------------------------
                                    155 ;	 function writePin
                                    156 ;	-----------------------------------------
      00007A                        157 _writePin:
      00007A 52 04            [ 2]  158 	sub	sp, #4
                                    159 ;	../../libs/stm8_GPIO.c: 25: *port |= (1 << pin);
      00007C 1F 03            [ 2]  160 	ldw	(0x03, sp), x
      00007E 88               [ 1]  161 	push	a
      00007F A6 01            [ 1]  162 	ld	a, #0x01
      000081 6B 02            [ 1]  163 	ld	(0x02, sp), a
      000083 84               [ 1]  164 	pop	a
      000084 4D               [ 1]  165 	tnz	a
      000085 27 05            [ 1]  166 	jreq	00114$
      000087                        167 00113$:
      000087 08 01            [ 1]  168 	sll	(0x01, sp)
      000089 4A               [ 1]  169 	dec	a
      00008A 26 FB            [ 1]  170 	jrne	00113$
      00008C                        171 00114$:
      00008C F6               [ 1]  172 	ld	a, (x)
      00008D 6B 02            [ 1]  173 	ld	(0x02, sp), a
                                    174 ;	../../libs/stm8_GPIO.c: 24: if (state == HIGH) {
      00008F 7B 07            [ 1]  175 	ld	a, (0x07, sp)
      000091 4A               [ 1]  176 	dec	a
      000092 26 07            [ 1]  177 	jrne	00102$
                                    178 ;	../../libs/stm8_GPIO.c: 25: *port |= (1 << pin);
      000094 7B 02            [ 1]  179 	ld	a, (0x02, sp)
      000096 1A 01            [ 1]  180 	or	a, (0x01, sp)
      000098 F7               [ 1]  181 	ld	(x), a
      000099 20 06            [ 2]  182 	jra	00104$
      00009B                        183 00102$:
                                    184 ;	../../libs/stm8_GPIO.c: 27: else {*port &= ~(1 << pin);}
      00009B 7B 01            [ 1]  185 	ld	a, (0x01, sp)
      00009D 43               [ 1]  186 	cpl	a
      00009E 14 02            [ 1]  187 	and	a, (0x02, sp)
      0000A0 F7               [ 1]  188 	ld	(x), a
      0000A1                        189 00104$:
                                    190 ;	../../libs/stm8_GPIO.c: 28: }
      0000A1 5B 04            [ 2]  191 	addw	sp, #4
      0000A3 85               [ 2]  192 	popw	x
      0000A4 84               [ 1]  193 	pop	a
      0000A5 FC               [ 2]  194 	jp	(x)
                                    195 ;	../../libs/stm8_GPIO.c: 30: void togglePin(volatile uint8_t* port, uint8_t pin) {
                                    196 ;	-----------------------------------------
                                    197 ;	 function togglePin
                                    198 ;	-----------------------------------------
      0000A6                        199 _togglePin:
      0000A6 52 04            [ 2]  200 	sub	sp, #4
      0000A8 1F 03            [ 2]  201 	ldw	(0x03, sp), x
      0000AA 6B 02            [ 1]  202 	ld	(0x02, sp), a
                                    203 ;	../../libs/stm8_GPIO.c: 31: *port ^= (1 << pin);
      0000AC 1E 03            [ 2]  204 	ldw	x, (0x03, sp)
      0000AE F6               [ 1]  205 	ld	a, (x)
      0000AF 88               [ 1]  206 	push	a
      0000B0 A6 01            [ 1]  207 	ld	a, #0x01
      0000B2 6B 02            [ 1]  208 	ld	(0x02, sp), a
      0000B4 7B 03            [ 1]  209 	ld	a, (0x03, sp)
      0000B6 27 05            [ 1]  210 	jreq	00104$
      0000B8                        211 00103$:
      0000B8 08 02            [ 1]  212 	sll	(0x02, sp)
      0000BA 4A               [ 1]  213 	dec	a
      0000BB 26 FB            [ 1]  214 	jrne	00103$
      0000BD                        215 00104$:
      0000BD 84               [ 1]  216 	pop	a
      0000BE 18 01            [ 1]  217 	xor	a, (0x01, sp)
      0000C0 F7               [ 1]  218 	ld	(x), a
                                    219 ;	../../libs/stm8_GPIO.c: 32: }
      0000C1 5B 04            [ 2]  220 	addw	sp, #4
      0000C3 81               [ 4]  221 	ret
                                    222 ;	../../libs/stm8_GPIO.c: 34: uint8_t readPin(volatile uint8_t* port, uint8_t pin) {
                                    223 ;	-----------------------------------------
                                    224 ;	 function readPin
                                    225 ;	-----------------------------------------
      0000C4                        226 _readPin:
      0000C4 52 07            [ 2]  227 	sub	sp, #7
      0000C6 1F 06            [ 2]  228 	ldw	(0x06, sp), x
      0000C8 6B 05            [ 1]  229 	ld	(0x05, sp), a
                                    230 ;	../../libs/stm8_GPIO.c: 35: if (*(port +1) & (1 << pin)) {
      0000CA 1E 06            [ 2]  231 	ldw	x, (0x06, sp)
      0000CC E6 01            [ 1]  232 	ld	a, (0x1, x)
      0000CE 88               [ 1]  233 	push	a
      0000CF 5F               [ 1]  234 	clrw	x
      0000D0 5C               [ 1]  235 	incw	x
      0000D1 7B 06            [ 1]  236 	ld	a, (0x06, sp)
      0000D3 27 04            [ 1]  237 	jreq	00113$
      0000D5                        238 00112$:
      0000D5 58               [ 2]  239 	sllw	x
      0000D6 4A               [ 1]  240 	dec	a
      0000D7 26 FC            [ 1]  241 	jrne	00112$
      0000D9                        242 00113$:
      0000D9 84               [ 1]  243 	pop	a
      0000DA 6B 02            [ 1]  244 	ld	(0x02, sp), a
      0000DC 0F 01            [ 1]  245 	clr	(0x01, sp)
      0000DE 9F               [ 1]  246 	ld	a, xl
      0000DF 14 02            [ 1]  247 	and	a, (0x02, sp)
      0000E1 6B 04            [ 1]  248 	ld	(0x04, sp), a
      0000E3 0F 03            [ 1]  249 	clr	(0x03, sp)
      0000E5 1E 03            [ 2]  250 	ldw	x, (0x03, sp)
      0000E7 27 03            [ 1]  251 	jreq	00102$
                                    252 ;	../../libs/stm8_GPIO.c: 36: return 1;
      0000E9 A6 01            [ 1]  253 	ld	a, #0x01
                                    254 ;	../../libs/stm8_GPIO.c: 38: return 0;
      0000EB 21                     255 	.byte 0x21
      0000EC                        256 00102$:
      0000EC 4F               [ 1]  257 	clr	a
      0000ED                        258 00103$:
                                    259 ;	../../libs/stm8_GPIO.c: 39: }
      0000ED 5B 07            [ 2]  260 	addw	sp, #7
      0000EF 81               [ 4]  261 	ret
                                    262 	.area CODE
                                    263 	.area CONST
                                    264 	.area INITIALIZER
                                    265 	.area CABS (ABS)
