                                      1 ;--------------------------------------------------------
                                      2 ; File Created by SDCC : free open source ISO C Compiler
                                      3 ; Version 4.5.10 #15702 (MINGW64)
                                      4 ;--------------------------------------------------------
                                      5 	.module stm8_ADC
                                      6 	
                                      7 ;--------------------------------------------------------
                                      8 ; Public variables in this module
                                      9 ;--------------------------------------------------------
                                     10 	.globl _init_ADC
                                     11 	.globl _start_ADC
                                     12 	.globl _isReady_ADC
                                     13 	.globl _getValue_ADC
                                     14 ;--------------------------------------------------------
                                     15 ; ram data
                                     16 ;--------------------------------------------------------
                                     17 	.area DATA
                                     18 ;--------------------------------------------------------
                                     19 ; ram data
                                     20 ;--------------------------------------------------------
                                     21 	.area INITIALIZED
                                     22 ;--------------------------------------------------------
                                     23 ; absolute external ram data
                                     24 ;--------------------------------------------------------
                                     25 	.area DABS (ABS)
                                     26 
                                     27 ; default segment ordering for linker
                                     28 	.area HOME
                                     29 	.area GSINIT
                                     30 	.area GSFINAL
                                     31 	.area CONST
                                     32 	.area INITIALIZER
                                     33 	.area CODE
                                     34 
                                     35 ;--------------------------------------------------------
                                     36 ; global & static initialisations
                                     37 ;--------------------------------------------------------
                                     38 	.area HOME
                                     39 	.area GSINIT
                                     40 	.area GSFINAL
                                     41 	.area GSINIT
                                     42 ;--------------------------------------------------------
                                     43 ; Home
                                     44 ;--------------------------------------------------------
                                     45 	.area HOME
                                     46 	.area HOME
                                     47 ;--------------------------------------------------------
                                     48 ; code
                                     49 ;--------------------------------------------------------
                                     50 	.area CODE
                                     51 ;	../../libs/stm8_ADC.c: 4: void init_ADC(uint8_t channel) {
                                     52 ;	-----------------------------------------
                                     53 ;	 function init_ADC
                                     54 ;	-----------------------------------------
      000000                         55 _init_ADC:
      000000 88               [ 1]   56 	push	a
      000001 97               [ 1]   57 	ld	xl, a
                                     58 ;	../../libs/stm8_ADC.c: 5: CLK_PCKENR2 |= (1 << 3);	//включить тактирование адс
      000002 72 16 50 CA      [ 1]   59 	bset	0x50ca, #3
                                     60 ;	../../libs/stm8_ADC.c: 7: ADC_CSR &= ~0x0F;        // Очистить старый канал
      000006 C6 54 00         [ 1]   61 	ld	a, 0x5400
      000009 A4 F0            [ 1]   62 	and	a, #0xf0
      00000B C7 54 00         [ 1]   63 	ld	0x5400, a
                                     64 ;	../../libs/stm8_ADC.c: 8: ADC_CSR |= (channel & 0x0F); // Записать номер канала
      00000E C6 54 00         [ 1]   65 	ld	a, 0x5400
      000011 6B 01            [ 1]   66 	ld	(0x01, sp), a
      000013 9F               [ 1]   67 	ld	a, xl
      000014 A4 0F            [ 1]   68 	and	a, #0x0f
      000016 1A 01            [ 1]   69 	or	a, (0x01, sp)
      000018 C7 54 00         [ 1]   70 	ld	0x5400, a
                                     71 ;	../../libs/stm8_ADC.c: 10: if (channel < 8) 			//отключаем триггер шмидта на выбраном канале
      00001B 9F               [ 1]   72 	ld	a, xl
      00001C A1 08            [ 1]   73 	cp	a, #0x08
      00001E 24 19            [ 1]   74 	jrnc	00102$
                                     75 ;	../../libs/stm8_ADC.c: 11: ADC_TDRL |= (1 << channel);
      000020 C6 54 07         [ 1]   76 	ld	a, 0x5407
      000023 88               [ 1]   77 	push	a
      000024 A6 01            [ 1]   78 	ld	a, #0x01
      000026 6B 02            [ 1]   79 	ld	(0x02, sp), a
      000028 9F               [ 1]   80 	ld	a, xl
      000029 4D               [ 1]   81 	tnz	a
      00002A 27 05            [ 1]   82 	jreq	00115$
      00002C                         83 00114$:
      00002C 08 02            [ 1]   84 	sll	(0x02, sp)
      00002E 4A               [ 1]   85 	dec	a
      00002F 26 FB            [ 1]   86 	jrne	00114$
      000031                         87 00115$:
      000031 84               [ 1]   88 	pop	a
      000032 1A 01            [ 1]   89 	or	a, (0x01, sp)
      000034 C7 54 07         [ 1]   90 	ld	0x5407, a
      000037 20 1A            [ 2]   91 	jra	00103$
      000039                         92 00102$:
                                     93 ;	../../libs/stm8_ADC.c: 13: ADC_TDRH |= (1 << (channel - 8));
      000039 C6 54 06         [ 1]   94 	ld	a, 0x5406
      00003C 6B 01            [ 1]   95 	ld	(0x01, sp), a
      00003E 1D 00 08         [ 2]   96 	subw	x, #8
      000041 A6 01            [ 1]   97 	ld	a, #0x01
      000043 88               [ 1]   98 	push	a
      000044 9F               [ 1]   99 	ld	a, xl
      000045 4D               [ 1]  100 	tnz	a
      000046 27 05            [ 1]  101 	jreq	00117$
      000048                        102 00116$:
      000048 08 01            [ 1]  103 	sll	(1, sp)
      00004A 4A               [ 1]  104 	dec	a
      00004B 26 FB            [ 1]  105 	jrne	00116$
      00004D                        106 00117$:
      00004D 84               [ 1]  107 	pop	a
      00004E 1A 01            [ 1]  108 	or	a, (0x01, sp)
      000050 C7 54 06         [ 1]  109 	ld	0x5406, a
      000053                        110 00103$:
                                    111 ;	../../libs/stm8_ADC.c: 15: ADC_CR2 |= (1 << 3);		//выравнивание вправо
      000053 72 16 54 02      [ 1]  112 	bset	0x5402, #3
                                    113 ;	../../libs/stm8_ADC.c: 17: ADC_CR1 &= ~(0b111 << 4);	//очищаем значение делителя
      000057 C6 54 01         [ 1]  114 	ld	a, 0x5401
      00005A A4 8F            [ 1]  115 	and	a, #0x8f
      00005C C7 54 01         [ 1]  116 	ld	0x5401, a
                                    117 ;	../../libs/stm8_ADC.c: 18: ADC_CR1 |= (0b100 << 4);	//устанавливаем делитьеть на 8(2Мгц для ADC)
      00005F 72 1C 54 01      [ 1]  118 	bset	0x5401, #6
                                    119 ;	../../libs/stm8_ADC.c: 20: ADC_CR1 |= (1 << 0);		//запускаем ADON(прогрев)
      000063 72 10 54 01      [ 1]  120 	bset	0x5401, #0
                                    121 ;	../../libs/stm8_ADC.c: 21: }
      000067 84               [ 1]  122 	pop	a
      000068 81               [ 4]  123 	ret
                                    124 ;	../../libs/stm8_ADC.c: 23: void start_ADC(void) {
                                    125 ;	-----------------------------------------
                                    126 ;	 function start_ADC
                                    127 ;	-----------------------------------------
      000069                        128 _start_ADC:
                                    129 ;	../../libs/stm8_ADC.c: 24: ADC_CR1 |= (1 << 0);		//вторая запись в адон запускает преобразование
      000069 72 10 54 01      [ 1]  130 	bset	0x5401, #0
                                    131 ;	../../libs/stm8_ADC.c: 25: }
      00006D 81               [ 4]  132 	ret
                                    133 ;	../../libs/stm8_ADC.c: 27: uint8_t isReady_ADC(void) {
                                    134 ;	-----------------------------------------
                                    135 ;	 function isReady_ADC
                                    136 ;	-----------------------------------------
      00006E                        137 _isReady_ADC:
                                    138 ;	../../libs/stm8_ADC.c: 28: if (ADC_CSR & (1 << 7)) {return 1;}	//1 если значение готово
      00006E C6 54 00         [ 1]  139 	ld	a, 0x5400
      000071 2A 03            [ 1]  140 	jrpl	00102$
      000073 A6 01            [ 1]  141 	ld	a, #0x01
      000075 81               [ 4]  142 	ret
      000076                        143 00102$:
                                    144 ;	../../libs/stm8_ADC.c: 29: return 0;
      000076 4F               [ 1]  145 	clr	a
                                    146 ;	../../libs/stm8_ADC.c: 30: }
      000077 81               [ 4]  147 	ret
                                    148 ;	../../libs/stm8_ADC.c: 32: uint16_t getValue_ADC (void) {
                                    149 ;	-----------------------------------------
                                    150 ;	 function getValue_ADC
                                    151 ;	-----------------------------------------
      000078                        152 _getValue_ADC:
      000078 52 02            [ 2]  153 	sub	sp, #2
                                    154 ;	../../libs/stm8_ADC.c: 33: uint16_t val = ADC_DRL;
      00007A C6 54 05         [ 1]  155 	ld	a, 0x5405
      00007D 97               [ 1]  156 	ld	xl, a
                                    157 ;	../../libs/stm8_ADC.c: 34: val |= (uint16_t)ADC_DRH << 8;
      00007E C6 54 04         [ 1]  158 	ld	a, 0x5404
      000081 95               [ 1]  159 	ld	xh, a
      000082 0F 02            [ 1]  160 	clr	(0x02, sp)
                                    161 ;	../../libs/stm8_ADC.c: 36: ADC_CSR &= ~(1 << 7);
      000084 72 1F 54 00      [ 1]  162 	bres	0x5400, #7
                                    163 ;	../../libs/stm8_ADC.c: 38: return val;
                                    164 ;	../../libs/stm8_ADC.c: 39: }
      000088 5B 02            [ 2]  165 	addw	sp, #2
      00008A 81               [ 4]  166 	ret
                                    167 	.area CODE
                                    168 	.area CONST
                                    169 	.area INITIALIZER
                                    170 	.area CABS (ABS)
