                                      1 ;--------------------------------------------------------
                                      2 ; File Created by SDCC : free open source ANSI-C Compiler
                                      3 ; Version 4.2.0 #13081 (Linux)
                                      4 ;--------------------------------------------------------
                                      5 	.module main
                                      6 	.optsdcc -mstm8
                                      7 	
                                      8 ;--------------------------------------------------------
                                      9 ; Public variables in this module
                                     10 ;--------------------------------------------------------
                                     11 	.globl _main
                                     12 	.globl _sendHex_UART
                                     13 	.globl _sendLine_UART
                                     14 	.globl _sendString_UART
                                     15 	.globl _init_UART
                                     16 	.globl _ping_I2C
                                     17 	.globl _init_I2C
                                     18 ;--------------------------------------------------------
                                     19 ; ram data
                                     20 ;--------------------------------------------------------
                                     21 	.area DATA
                                     22 ;--------------------------------------------------------
                                     23 ; ram data
                                     24 ;--------------------------------------------------------
                                     25 	.area INITIALIZED
                                     26 ;--------------------------------------------------------
                                     27 ; Stack segment in internal ram
                                     28 ;--------------------------------------------------------
                                     29 	.area	SSEG
      000000                         30 __start__stack:
      000000                         31 	.ds	1
                                     32 
                                     33 ;--------------------------------------------------------
                                     34 ; absolute external ram data
                                     35 ;--------------------------------------------------------
                                     36 	.area DABS (ABS)
                                     37 
                                     38 ; default segment ordering for linker
                                     39 	.area HOME
                                     40 	.area GSINIT
                                     41 	.area GSFINAL
                                     42 	.area CONST
                                     43 	.area INITIALIZER
                                     44 	.area CODE
                                     45 
                                     46 ;--------------------------------------------------------
                                     47 ; interrupt vector
                                     48 ;--------------------------------------------------------
                                     49 	.area HOME
      000000                         50 __interrupt_vect:
      000000 82v00u00u00             51 	int s_GSINIT ; reset
                                     52 ;--------------------------------------------------------
                                     53 ; global & static initialisations
                                     54 ;--------------------------------------------------------
                                     55 	.area HOME
                                     56 	.area GSINIT
                                     57 	.area GSFINAL
                                     58 	.area GSINIT
      000000                         59 __sdcc_init_data:
                                     60 ; stm8_genXINIT() start
      000000 AEr00r00         [ 2]   61 	ldw x, #l_DATA
      000003 27 07            [ 1]   62 	jreq	00002$
      000005                         63 00001$:
      000005 72 4FuFFuFF      [ 1]   64 	clr (s_DATA - 1, x)
      000009 5A               [ 2]   65 	decw x
      00000A 26 F9            [ 1]   66 	jrne	00001$
      00000C                         67 00002$:
      00000C AEr00r00         [ 2]   68 	ldw	x, #l_INITIALIZER
      00000F 27 09            [ 1]   69 	jreq	00004$
      000011                         70 00003$:
      000011 D6uFFuFF         [ 1]   71 	ld	a, (s_INITIALIZER - 1, x)
      000014 D7uFFuFF         [ 1]   72 	ld	(s_INITIALIZED - 1, x), a
      000017 5A               [ 2]   73 	decw	x
      000018 26 F7            [ 1]   74 	jrne	00003$
      00001A                         75 00004$:
                                     76 ; stm8_genXINIT() end
                                     77 	.area GSFINAL
      000000 CCr00r04         [ 2]   78 	jp	__sdcc_program_startup
                                     79 ;--------------------------------------------------------
                                     80 ; Home
                                     81 ;--------------------------------------------------------
                                     82 	.area HOME
                                     83 	.area HOME
      000004                         84 __sdcc_program_startup:
      000004 CCr00r00         [ 2]   85 	jp	_main
                                     86 ;	return from main will return to caller
                                     87 ;--------------------------------------------------------
                                     88 ; code
                                     89 ;--------------------------------------------------------
                                     90 	.area CODE
                                     91 ;	main.c: 6: int main(void)
                                     92 ;	-----------------------------------------
                                     93 ;	 function main
                                     94 ;	-----------------------------------------
      000000                         95 _main:
      000000 88               [ 1]   96 	push	a
                                     97 ;	main.c: 8: CLK_CKDIVR = 0;	//частота тактирования мк 16 МГц
      000001 35 00 50 C6      [ 1]   98 	mov	0x50c6+0, #0x00
                                     99 ;	main.c: 10: init_UART(9600);
      000005 4B 80            [ 1]  100 	push	#0x80
      000007 4B 25            [ 1]  101 	push	#0x25
      000009 5F               [ 1]  102 	clrw	x
      00000A 89               [ 2]  103 	pushw	x
      00000B CDr00r00         [ 4]  104 	call	_init_UART
                                    105 ;	main.c: 11: init_I2C();
      00000E CDr00r00         [ 4]  106 	call	_init_I2C
                                    107 ;	main.c: 13: sendLine_UART();
      000011 CDr00r00         [ 4]  108 	call	_sendLine_UART
                                    109 ;	main.c: 14: sendLine_UART();
      000014 CDr00r00         [ 4]  110 	call	_sendLine_UART
                                    111 ;	main.c: 15: sendString_UART("--Star scanning--");
      000017 AEr00r00         [ 2]  112 	ldw	x, #(___str_0+0)
      00001A CDr00r00         [ 4]  113 	call	_sendString_UART
                                    114 ;	main.c: 16: sendLine_UART();
      00001D CDr00r00         [ 4]  115 	call	_sendLine_UART
                                    116 ;	main.c: 17: for (uint8_t i = 1; i < 128; i++)
      000020 A6 01            [ 1]  117 	ld	a, #0x01
      000022 6B 01            [ 1]  118 	ld	(0x01, sp), a
      000024                        119 00108$:
      000024 7B 01            [ 1]  120 	ld	a, (0x01, sp)
      000026 A1 80            [ 1]  121 	cp	a, #0x80
      000028 24 1A            [ 1]  122 	jrnc	00103$
                                    123 ;	main.c: 19: if (ping_I2C(i) == 1)
      00002A 7B 01            [ 1]  124 	ld	a, (0x01, sp)
      00002C CDr00r00         [ 4]  125 	call	_ping_I2C
      00002F 4A               [ 1]  126 	dec	a
      000030 26 0E            [ 1]  127 	jrne	00109$
                                    128 ;	main.c: 21: sendString_UART("devise in 0x");
      000032 AEr00r12         [ 2]  129 	ldw	x, #(___str_1+0)
      000035 CDr00r00         [ 4]  130 	call	_sendString_UART
                                    131 ;	main.c: 22: sendHex_UART(i);
      000038 7B 01            [ 1]  132 	ld	a, (0x01, sp)
      00003A CDr00r00         [ 4]  133 	call	_sendHex_UART
                                    134 ;	main.c: 23: sendLine_UART();
      00003D CDr00r00         [ 4]  135 	call	_sendLine_UART
      000040                        136 00109$:
                                    137 ;	main.c: 17: for (uint8_t i = 1; i < 128; i++)
      000040 0C 01            [ 1]  138 	inc	(0x01, sp)
      000042 20 E0            [ 2]  139 	jra	00108$
      000044                        140 00103$:
                                    141 ;	main.c: 26: sendString_UART("--end scanning--");
      000044 AEr00r1F         [ 2]  142 	ldw	x, #(___str_2+0)
      000047 CDr00r00         [ 4]  143 	call	_sendString_UART
                                    144 ;	main.c: 27: sendLine_UART();
      00004A CDr00r00         [ 4]  145 	call	_sendLine_UART
                                    146 ;	main.c: 28: while (1)
      00004D                        147 00105$:
      00004D 20 FE            [ 2]  148 	jra	00105$
                                    149 ;	main.c: 32: }
      00004F 84               [ 1]  150 	pop	a
      000050 81               [ 4]  151 	ret
                                    152 	.area CODE
                                    153 	.area CONST
                                    154 	.area CONST
      000000                        155 ___str_0:
      000000 2D 2D 53 74 61 72 20   156 	.ascii "--Star scanning--"
             73 63 61 6E 6E 69 6E
             67 2D 2D
      000011 00                     157 	.db 0x00
                                    158 	.area CODE
                                    159 	.area CONST
      000012                        160 ___str_1:
      000012 64 65 76 69 73 65 20   161 	.ascii "devise in 0x"
             69 6E 20 30 78
      00001E 00                     162 	.db 0x00
                                    163 	.area CODE
                                    164 	.area CONST
      00001F                        165 ___str_2:
      00001F 2D 2D 65 6E 64 20 73   166 	.ascii "--end scanning--"
             63 61 6E 6E 69 6E 67
             2D 2D
      00002F 00                     167 	.db 0x00
                                    168 	.area CODE
                                    169 	.area INITIALIZER
                                    170 	.area CABS (ABS)
