                                      1 ;--------------------------------------------------------
                                      2 ; File Created by SDCC : free open source ANSI-C Compiler
                                      3 ; Version 4.2.0 #13081 (Linux)
                                      4 ;--------------------------------------------------------
                                      5 	.module stm8_UART
                                      6 	.optsdcc -mstm8
                                      7 	
                                      8 ;--------------------------------------------------------
                                      9 ; Public variables in this module
                                     10 ;--------------------------------------------------------
                                     11 	.globl _init_UART
                                     12 	.globl _sendByte_UART
                                     13 	.globl _sendString_UART
                                     14 	.globl _sendLine_UART
                                     15 	.globl _sendInt_UART
                                     16 	.globl _available_UART
                                     17 	.globl _read_UART
                                     18 ;--------------------------------------------------------
                                     19 ; ram data
                                     20 ;--------------------------------------------------------
                                     21 	.area DATA
                                     22 ;--------------------------------------------------------
                                     23 ; ram data
                                     24 ;--------------------------------------------------------
                                     25 	.area INITIALIZED
                                     26 ;--------------------------------------------------------
                                     27 ; absolute external ram data
                                     28 ;--------------------------------------------------------
                                     29 	.area DABS (ABS)
                                     30 
                                     31 ; default segment ordering for linker
                                     32 	.area HOME
                                     33 	.area GSINIT
                                     34 	.area GSFINAL
                                     35 	.area CONST
                                     36 	.area INITIALIZER
                                     37 	.area CODE
                                     38 
                                     39 ;--------------------------------------------------------
                                     40 ; global & static initialisations
                                     41 ;--------------------------------------------------------
                                     42 	.area HOME
                                     43 	.area GSINIT
                                     44 	.area GSFINAL
                                     45 	.area GSINIT
                                     46 ;--------------------------------------------------------
                                     47 ; Home
                                     48 ;--------------------------------------------------------
                                     49 	.area HOME
                                     50 	.area HOME
                                     51 ;--------------------------------------------------------
                                     52 ; code
                                     53 ;--------------------------------------------------------
                                     54 	.area CODE
                                     55 ;	../../my_STM8_libraries/stm8_UART.c: 3: void init_UART(uint32_t baudRate) {
                                     56 ;	-----------------------------------------
                                     57 ;	 function init_UART
                                     58 ;	-----------------------------------------
      000000                         59 _init_UART:
      000000 88               [ 1]   60 	push	a
                                     61 ;	../../my_STM8_libraries/stm8_UART.c: 5: CLK_PCKENR1 |= (1 << 3); 
      000001 72 16 50 C7      [ 1]   62 	bset	0x50c7, #3
                                     63 ;	../../my_STM8_libraries/stm8_UART.c: 8: PD_DDR |= (1 << TX_PIN);
      000005 72 1A 50 11      [ 1]   64 	bset	0x5011, #5
                                     65 ;	../../my_STM8_libraries/stm8_UART.c: 9: PD_CR1 |= (1 << TX_PIN);
      000009 72 1A 50 12      [ 1]   66 	bset	0x5012, #5
                                     67 ;	../../my_STM8_libraries/stm8_UART.c: 10: PD_CR2 |= (1 << TX_PIN);
      00000D 72 1A 50 13      [ 1]   68 	bset	0x5013, #5
                                     69 ;	../../my_STM8_libraries/stm8_UART.c: 12: PD_DDR &= ~(1 << RX_PIN);
      000011 72 1D 50 11      [ 1]   70 	bres	0x5011, #6
                                     71 ;	../../my_STM8_libraries/stm8_UART.c: 13: PD_CR1 &= ~(1 << RX_PIN);
      000015 72 1D 50 12      [ 1]   72 	bres	0x5012, #6
                                     73 ;	../../my_STM8_libraries/stm8_UART.c: 15: uint16_t uart_div = (uint32_t)(16000000 / baudRate);
      000019 1E 06            [ 2]   74 	ldw	x, (0x06, sp)
      00001B 89               [ 2]   75 	pushw	x
      00001C 1E 06            [ 2]   76 	ldw	x, (0x06, sp)
      00001E 89               [ 2]   77 	pushw	x
      00001F 4B 00            [ 1]   78 	push	#0x00
      000021 4B 24            [ 1]   79 	push	#0x24
      000023 4B F4            [ 1]   80 	push	#0xf4
      000025 4B 00            [ 1]   81 	push	#0x00
      000027 CDr00r00         [ 4]   82 	call	__divulong
      00002A 5B 08            [ 2]   83 	addw	sp, #8
                                     84 ;	../../my_STM8_libraries/stm8_UART.c: 16: UART1_BRR2 = ((uart_div >> 12) << 4) | (uart_div & 0x000F);
      00002C 9E               [ 1]   85 	ld	a, xh
      00002D 90 5F            [ 1]   86 	clrw	y
      00002F A4 F0            [ 1]   87 	and	a, #240
      000031 90 97            [ 1]   88 	ld	yl, a
      000033 9F               [ 1]   89 	ld	a, xl
      000034 A4 0F            [ 1]   90 	and	a, #0x0f
      000036 6B 01            [ 1]   91 	ld	(0x01, sp), a
      000038 90 9F            [ 1]   92 	ld	a, yl
      00003A 1A 01            [ 1]   93 	or	a, (0x01, sp)
      00003C C7 52 33         [ 1]   94 	ld	0x5233, a
                                     95 ;	../../my_STM8_libraries/stm8_UART.c: 17: UART1_BRR1 = (uart_div >> 4) & 0x00FF;
      00003F A6 10            [ 1]   96 	ld	a, #0x10
      000041 62               [ 2]   97 	div	x, a
      000042 9F               [ 1]   98 	ld	a, xl
      000043 C7 52 32         [ 1]   99 	ld	0x5232, a
                                    100 ;	../../my_STM8_libraries/stm8_UART.c: 19: UART1_CR2 |= (1 << 3) | (1 << 2);
      000046 C6 52 35         [ 1]  101 	ld	a, 0x5235
      000049 AA 0C            [ 1]  102 	or	a, #0x0c
      00004B C7 52 35         [ 1]  103 	ld	0x5235, a
                                    104 ;	../../my_STM8_libraries/stm8_UART.c: 20: }
      00004E 1E 02            [ 2]  105 	ldw	x, (2, sp)
      000050 5B 07            [ 2]  106 	addw	sp, #7
      000052 FC               [ 2]  107 	jp	(x)
                                    108 ;	../../my_STM8_libraries/stm8_UART.c: 22: void sendByte_UART(uint8_t byte) {
                                    109 ;	-----------------------------------------
                                    110 ;	 function sendByte_UART
                                    111 ;	-----------------------------------------
      000053                        112 _sendByte_UART:
      000053 88               [ 1]  113 	push	a
      000054 6B 01            [ 1]  114 	ld	(0x01, sp), a
                                    115 ;	../../my_STM8_libraries/stm8_UART.c: 23: while(!(UART1_SR & (1 << 7))) {}
      000056                        116 00101$:
      000056 C6 52 30         [ 1]  117 	ld	a, 0x5230
      000059 2A FB            [ 1]  118 	jrpl	00101$
                                    119 ;	../../my_STM8_libraries/stm8_UART.c: 24: UART1_DR = byte;
      00005B AE 52 31         [ 2]  120 	ldw	x, #0x5231
      00005E 7B 01            [ 1]  121 	ld	a, (0x01, sp)
      000060 F7               [ 1]  122 	ld	(x), a
                                    123 ;	../../my_STM8_libraries/stm8_UART.c: 25: }	
      000061 84               [ 1]  124 	pop	a
      000062 81               [ 4]  125 	ret
                                    126 ;	../../my_STM8_libraries/stm8_UART.c: 27: void sendString_UART(const char *str) {
                                    127 ;	-----------------------------------------
                                    128 ;	 function sendString_UART
                                    129 ;	-----------------------------------------
      000063                        130 _sendString_UART:
                                    131 ;	../../my_STM8_libraries/stm8_UART.c: 28: while (*str) {               // Пока текущий символ не '\0' (не ноль)
      000063                        132 00101$:
      000063 F6               [ 1]  133 	ld	a, (x)
      000064 26 01            [ 1]  134 	jrne	00117$
      000066 81               [ 4]  135 	ret
      000067                        136 00117$:
                                    137 ;	../../my_STM8_libraries/stm8_UART.c: 29: sendByte_UART(*str);     // Отправляем текущий символ
      000067 89               [ 2]  138 	pushw	x
      000068 CDr00r53         [ 4]  139 	call	_sendByte_UART
      00006B 85               [ 2]  140 	popw	x
                                    141 ;	../../my_STM8_libraries/stm8_UART.c: 30: str++;                   // Переходим к следующему адресу в памяти
      00006C 5C               [ 1]  142 	incw	x
      00006D 20 F4            [ 2]  143 	jra	00101$
                                    144 ;	../../my_STM8_libraries/stm8_UART.c: 32: }
      00006F 81               [ 4]  145 	ret
                                    146 ;	../../my_STM8_libraries/stm8_UART.c: 34: void sendLine_UART(void) {
                                    147 ;	-----------------------------------------
                                    148 ;	 function sendLine_UART
                                    149 ;	-----------------------------------------
      000070                        150 _sendLine_UART:
                                    151 ;	../../my_STM8_libraries/stm8_UART.c: 35: sendByte_UART('\r');
      000070 A6 0D            [ 1]  152 	ld	a, #0x0d
      000072 CDr00r53         [ 4]  153 	call	_sendByte_UART
                                    154 ;	../../my_STM8_libraries/stm8_UART.c: 36: sendByte_UART('\n');
      000075 A6 0A            [ 1]  155 	ld	a, #0x0a
                                    156 ;	../../my_STM8_libraries/stm8_UART.c: 37: }
      000077 CCr00r53         [ 2]  157 	jp	_sendByte_UART
                                    158 ;	../../my_STM8_libraries/stm8_UART.c: 39: void sendInt_UART(uint16_t num) {
                                    159 ;	-----------------------------------------
                                    160 ;	 function sendInt_UART
                                    161 ;	-----------------------------------------
      00007A                        162 _sendInt_UART:
      00007A 52 0F            [ 2]  163 	sub	sp, #15
                                    164 ;	../../my_STM8_libraries/stm8_UART.c: 40: if (num == 0) {
      00007C 1F 0D            [ 2]  165 	ldw	(0x0d, sp), x
      00007E 26 07            [ 1]  166 	jrne	00113$
                                    167 ;	../../my_STM8_libraries/stm8_UART.c: 41: sendByte_UART('0');
      000080 A6 30            [ 1]  168 	ld	a, #0x30
      000082 5B 0F            [ 2]  169 	addw	sp, #15
                                    170 ;	../../my_STM8_libraries/stm8_UART.c: 42: return;
      000084 CCr00r53         [ 2]  171 	jp	_sendByte_UART
                                    172 ;	../../my_STM8_libraries/stm8_UART.c: 49: while (num > 0) {
      000087                        173 00113$:
      000087 4F               [ 1]  174 	clr	a
      000088                        175 00103$:
      000088 1E 0D            [ 2]  176 	ldw	x, (0x0d, sp)
      00008A 27 2F            [ 1]  177 	jreq	00115$
                                    178 ;	../../my_STM8_libraries/stm8_UART.c: 50: digits[i++] = (num % 10) + '0'; // Берем остаток и превращаем в символ
      00008C 97               [ 1]  179 	ld	xl, a
      00008D 88               [ 1]  180 	push	a
      00008E 9F               [ 1]  181 	ld	a, xl
      00008F 49               [ 1]  182 	rlc	a
      000090 4F               [ 1]  183 	clr	a
      000091 A2 00            [ 1]  184 	sbc	a, #0x00
      000093 95               [ 1]  185 	ld	xh, a
      000094 84               [ 1]  186 	pop	a
      000095 4C               [ 1]  187 	inc	a
      000096 58               [ 2]  188 	sllw	x
      000097 1F 0B            [ 2]  189 	ldw	(0x0b, sp), x
      000099 96               [ 1]  190 	ldw	x, sp
      00009A 5C               [ 1]  191 	incw	x
      00009B 72 FB 0B         [ 2]  192 	addw	x, (0x0b, sp)
      00009E 16 0D            [ 2]  193 	ldw	y, (0x0d, sp)
      0000A0 17 0B            [ 2]  194 	ldw	(0x0b, sp), y
      0000A2 89               [ 2]  195 	pushw	x
      0000A3 1E 0D            [ 2]  196 	ldw	x, (0x0d, sp)
      0000A5 90 AE 00 0A      [ 2]  197 	ldw	y, #0x000a
      0000A9 65               [ 2]  198 	divw	x, y
      0000AA 85               [ 2]  199 	popw	x
      0000AB 72 A9 00 30      [ 2]  200 	addw	y, #0x0030
      0000AF FF               [ 2]  201 	ldw	(x), y
                                    202 ;	../../my_STM8_libraries/stm8_UART.c: 51: num /= 10;
      0000B0 1E 0B            [ 2]  203 	ldw	x, (0x0b, sp)
      0000B2 90 AE 00 0A      [ 2]  204 	ldw	y, #0x000a
      0000B6 65               [ 2]  205 	divw	x, y
      0000B7 1F 0D            [ 2]  206 	ldw	(0x0d, sp), x
      0000B9 20 CD            [ 2]  207 	jra	00103$
                                    208 ;	../../my_STM8_libraries/stm8_UART.c: 55: while (i > 0) {
      0000BB                        209 00115$:
      0000BB 6B 0F            [ 1]  210 	ld	(0x0f, sp), a
      0000BD                        211 00106$:
      0000BD 7B 0F            [ 1]  212 	ld	a, (0x0f, sp)
      0000BF A1 00            [ 1]  213 	cp	a, #0x00
      0000C1 2D 19            [ 1]  214 	jrsle	00109$
                                    215 ;	../../my_STM8_libraries/stm8_UART.c: 56: sendByte_UART(digits[--i]);
      0000C3 0A 0F            [ 1]  216 	dec	(0x0f, sp)
      0000C5 7B 0F            [ 1]  217 	ld	a, (0x0f, sp)
      0000C7 97               [ 1]  218 	ld	xl, a
      0000C8 49               [ 1]  219 	rlc	a
      0000C9 4F               [ 1]  220 	clr	a
      0000CA A2 00            [ 1]  221 	sbc	a, #0x00
      0000CC 95               [ 1]  222 	ld	xh, a
      0000CD 58               [ 2]  223 	sllw	x
      0000CE 1F 0B            [ 2]  224 	ldw	(0x0b, sp), x
      0000D0 96               [ 1]  225 	ldw	x, sp
      0000D1 5C               [ 1]  226 	incw	x
      0000D2 72 FB 0B         [ 2]  227 	addw	x, (0x0b, sp)
      0000D5 E6 01            [ 1]  228 	ld	a, (0x1, x)
      0000D7 CDr00r53         [ 4]  229 	call	_sendByte_UART
      0000DA 20 E1            [ 2]  230 	jra	00106$
      0000DC                        231 00109$:
                                    232 ;	../../my_STM8_libraries/stm8_UART.c: 58: }
      0000DC 5B 0F            [ 2]  233 	addw	sp, #15
      0000DE 81               [ 4]  234 	ret
                                    235 ;	../../my_STM8_libraries/stm8_UART.c: 61: uint8_t available_UART(void) {
                                    236 ;	-----------------------------------------
                                    237 ;	 function available_UART
                                    238 ;	-----------------------------------------
      0000DF                        239 _available_UART:
                                    240 ;	../../my_STM8_libraries/stm8_UART.c: 62: if (UART1_SR & (1 << 5)) return 1;
      0000DF 72 0B 52 30 03   [ 2]  241 	btjf	0x5230, #5, 00102$
      0000E4 A6 01            [ 1]  242 	ld	a, #0x01
      0000E6 81               [ 4]  243 	ret
      0000E7                        244 00102$:
                                    245 ;	../../my_STM8_libraries/stm8_UART.c: 63: return 0;
      0000E7 4F               [ 1]  246 	clr	a
                                    247 ;	../../my_STM8_libraries/stm8_UART.c: 64: }
      0000E8 81               [ 4]  248 	ret
                                    249 ;	../../my_STM8_libraries/stm8_UART.c: 67: uint8_t read_UART(void) {
                                    250 ;	-----------------------------------------
                                    251 ;	 function read_UART
                                    252 ;	-----------------------------------------
      0000E9                        253 _read_UART:
                                    254 ;	../../my_STM8_libraries/stm8_UART.c: 68: return UART1_DR;           // Чтение DR автоматически сбрасывает флаг RXNE
      0000E9 C6 52 31         [ 1]  255 	ld	a, 0x5231
                                    256 ;	../../my_STM8_libraries/stm8_UART.c: 69: }
      0000EC 81               [ 4]  257 	ret
                                    258 	.area CODE
                                    259 	.area CONST
                                    260 	.area INITIALIZER
                                    261 	.area CABS (ABS)
