                                      1 ;--------------------------------------------------------
                                      2 ; File Created by SDCC : free open source ISO C Compiler
                                      3 ; Version 4.5.10 #15702 (MINGW64)
                                      4 ;--------------------------------------------------------
                                      5 	.module stm8_TIM4
                                      6 	
                                      7 ;--------------------------------------------------------
                                      8 ; Public variables in this module
                                      9 ;--------------------------------------------------------
                                     10 	.globl _tick_TIM4
                                     11 	.globl _init_TIM4
                                     12 	.globl _millis
                                     13 ;--------------------------------------------------------
                                     14 ; ram data
                                     15 ;--------------------------------------------------------
                                     16 	.area DATA
                                     17 ;--------------------------------------------------------
                                     18 ; ram data
                                     19 ;--------------------------------------------------------
                                     20 	.area INITIALIZED
      000000                         21 __millis:
      000000                         22 	.ds 4
                                     23 ;--------------------------------------------------------
                                     24 ; absolute external ram data
                                     25 ;--------------------------------------------------------
                                     26 	.area DABS (ABS)
                                     27 
                                     28 ; default segment ordering for linker
                                     29 	.area HOME
                                     30 	.area GSINIT
                                     31 	.area GSFINAL
                                     32 	.area CONST
                                     33 	.area INITIALIZER
                                     34 	.area CODE
                                     35 
                                     36 ;--------------------------------------------------------
                                     37 ; global & static initialisations
                                     38 ;--------------------------------------------------------
                                     39 	.area HOME
                                     40 	.area GSINIT
                                     41 	.area GSFINAL
                                     42 	.area GSINIT
                                     43 ;--------------------------------------------------------
                                     44 ; Home
                                     45 ;--------------------------------------------------------
                                     46 	.area HOME
                                     47 	.area HOME
                                     48 ;--------------------------------------------------------
                                     49 ; code
                                     50 ;--------------------------------------------------------
                                     51 	.area CODE
                                     52 ;	../../libs/stm8_TIM4.c: 7: void tick_TIM4(void)
                                     53 ;	-----------------------------------------
                                     54 ;	 function tick_TIM4
                                     55 ;	-----------------------------------------
      000000                         56 _tick_TIM4:
                                     57 ;	../../libs/stm8_TIM4.c: 9: _millis++;
      000000 CEu00u02         [ 2]   58 	ldw	x, __millis+2
      000003 90 CEu00u00      [ 2]   59 	ldw	y, __millis+0
      000007 5C               [ 1]   60 	incw	x
      000008 26 02            [ 1]   61 	jrne	00103$
      00000A 90 5C            [ 1]   62 	incw	y
      00000C                         63 00103$:
      00000C CFu00u02         [ 2]   64 	ldw	__millis+2, x
      00000F 90 CFu00u00      [ 2]   65 	ldw	__millis+0, y
                                     66 ;	../../libs/stm8_TIM4.c: 10: }
      000013 81               [ 4]   67 	ret
                                     68 ;	../../libs/stm8_TIM4.c: 12: void init_TIM4(void)
                                     69 ;	-----------------------------------------
                                     70 ;	 function init_TIM4
                                     71 ;	-----------------------------------------
      000014                         72 _init_TIM4:
                                     73 ;	../../libs/stm8_TIM4.c: 14: _millis = 0;
      000014 5F               [ 1]   74 	clrw	x
      000015 CFu00u02         [ 2]   75 	ldw	__millis+2, x
      000018 CFu00u00         [ 2]   76 	ldw	__millis+0, x
                                     77 ;	../../libs/stm8_TIM4.c: 16: TIM4_CR1 = 0;
      00001B 35 00 53 40      [ 1]   78 	mov	0x5340+0, #0x00
                                     79 ;	../../libs/stm8_TIM4.c: 17: TIM4_PSCR = 0x07;
      00001F 35 07 53 47      [ 1]   80 	mov	0x5347+0, #0x07
                                     81 ;	../../libs/stm8_TIM4.c: 18: TIM4_ARR  = 124;
      000023 35 7C 53 48      [ 1]   82 	mov	0x5348+0, #0x7c
                                     83 ;	../../libs/stm8_TIM4.c: 20: TIM4_IER |= 0x01;
      000027 72 10 53 43      [ 1]   84 	bset	0x5343, #0
                                     85 ;	../../libs/stm8_TIM4.c: 21: TIM4_SR = 0;
      00002B 35 00 53 44      [ 1]   86 	mov	0x5344+0, #0x00
                                     87 ;	../../libs/stm8_TIM4.c: 22: TIM4_CR1 |= 0x01;
      00002F 72 10 53 40      [ 1]   88 	bset	0x5340, #0
                                     89 ;	../../libs/stm8_TIM4.c: 23: }
      000033 81               [ 4]   90 	ret
                                     91 ;	../../libs/stm8_TIM4.c: 25: uint32_t millis(void)
                                     92 ;	-----------------------------------------
                                     93 ;	 function millis
                                     94 ;	-----------------------------------------
      000034                         95 _millis:
                                     96 ;	../../libs/stm8_TIM4.c: 29: disableInterrupts();
      000034 9B               [ 1]   97 	sim
                                     98 ;	../../libs/stm8_TIM4.c: 30: ms = _millis;
      000035 CEu00u02         [ 2]   99 	ldw	x, __millis+2
      000038 90 CEu00u00      [ 2]  100 	ldw	y, __millis+0
                                    101 ;	../../libs/stm8_TIM4.c: 31: enableInterrupts();
      00003C 9A               [ 1]  102 	rim
                                    103 ;	../../libs/stm8_TIM4.c: 33: return ms;
                                    104 ;	../../libs/stm8_TIM4.c: 34: }
      00003D 81               [ 4]  105 	ret
                                    106 	.area CODE
                                    107 	.area CONST
                                    108 	.area INITIALIZER
      000000                        109 __xinit___millis:
      000000 00 00 00 00            110 	.byte #0x00, #0x00, #0x00, #0x00	; 0
                                    111 	.area CABS (ABS)
