                                      1 ;--------------------------------------------------------
                                      2 ; File Created by SDCC : free open source ISO C Compiler
                                      3 ; Version 4.5.10 #15702 (MINGW64)
                                      4 ;--------------------------------------------------------
                                      5 	.module stm8_GPIO
                                      6 	
                                      7 ;--------------------------------------------------------
                                      8 ; Public variables in this module
                                      9 ;--------------------------------------------------------
                                     10 ;--------------------------------------------------------
                                     11 ; ram data
                                     12 ;--------------------------------------------------------
                                     13 	.area DATA
                                     14 ;--------------------------------------------------------
                                     15 ; ram data
                                     16 ;--------------------------------------------------------
                                     17 	.area INITIALIZED
                                     18 ;--------------------------------------------------------
                                     19 ; absolute external ram data
                                     20 ;--------------------------------------------------------
                                     21 	.area DABS (ABS)
                                     22 
                                     23 ; default segment ordering for linker
                                     24 	.area HOME
                                     25 	.area GSINIT
                                     26 	.area GSFINAL
                                     27 	.area CONST
                                     28 	.area INITIALIZER
                                     29 	.area CODE
                                     30 
                                     31 ;--------------------------------------------------------
                                     32 ; global & static initialisations
                                     33 ;--------------------------------------------------------
                                     34 	.area HOME
                                     35 	.area GSINIT
                                     36 	.area GSFINAL
                                     37 	.area GSINIT
                                     38 ;--------------------------------------------------------
                                     39 ; Home
                                     40 ;--------------------------------------------------------
                                     41 	.area HOME
                                     42 	.area HOME
                                     43 ;--------------------------------------------------------
                                     44 ; code
                                     45 ;--------------------------------------------------------
                                     46 	.area CODE
                                     47 	.area CODE
                                     48 	.area CONST
                                     49 	.area INITIALIZER
                                     50 	.area CABS (ABS)
