                                      1 ;--------------------------------------------------------
                                      2 ; File Created by SDCC : free open source ISO C Compiler
                                      3 ; Version 4.5.10 #15702 (MINGW64)
                                      4 ;--------------------------------------------------------
                                      5 	.module blink
                                      6 	
                                      7 ;--------------------------------------------------------
                                      8 ; Public variables in this module
                                      9 ;--------------------------------------------------------
                                     10 	.globl _main
                                     11 	.globl _delay
                                     12 ;--------------------------------------------------------
                                     13 ; ram data
                                     14 ;--------------------------------------------------------
                                     15 	.area DATA
                                     16 ;--------------------------------------------------------
                                     17 ; ram data
                                     18 ;--------------------------------------------------------
                                     19 	.area INITIALIZED
                                     20 ;--------------------------------------------------------
                                     21 ; Stack segment in internal ram
                                     22 ;--------------------------------------------------------
                                     23 	.area SSEG
      000000                         24 __start__stack:
      000000                         25 	.ds	1
                                     26 
                                     27 ;--------------------------------------------------------
                                     28 ; absolute external ram data
                                     29 ;--------------------------------------------------------
                                     30 	.area DABS (ABS)
                                     31 
                                     32 ; default segment ordering for linker
                                     33 	.area HOME
                                     34 	.area GSINIT
                                     35 	.area GSFINAL
                                     36 	.area CONST
                                     37 	.area INITIALIZER
                                     38 	.area CODE
                                     39 
                                     40 ;--------------------------------------------------------
                                     41 ; interrupt vector
                                     42 ;--------------------------------------------------------
                                     43 	.area HOME
      000000                         44 __interrupt_vect:
      000000 82v00u00u00             45 	int s_GSINIT ; reset
                                     46 ;--------------------------------------------------------
                                     47 ; global & static initialisations
                                     48 ;--------------------------------------------------------
                                     49 	.area HOME
                                     50 	.area GSINIT
                                     51 	.area GSFINAL
                                     52 	.area GSINIT
      000000 CDr00r00         [ 4]   53 	call	___sdcc_external_startup
      000003 4D               [ 1]   54 	tnz	a
      000004 27 03            [ 1]   55 	jreq	__sdcc_init_data
      000006 CCr00r04         [ 2]   56 	jp	__sdcc_program_startup
      000009                         57 __sdcc_init_data:
                                     58 ; stm8_genXINIT() start
      000009 AEr00r00         [ 2]   59 	ldw x, #l_DATA
      00000C 27 07            [ 1]   60 	jreq	00002$
      00000E                         61 00001$:
      00000E 72 4FuFFuFF      [ 1]   62 	clr (s_DATA - 1, x)
      000012 5A               [ 2]   63 	decw x
      000013 26 F9            [ 1]   64 	jrne	00001$
      000015                         65 00002$:
      000015 AEr00r00         [ 2]   66 	ldw	x, #l_INITIALIZER
      000018 27 09            [ 1]   67 	jreq	00004$
      00001A                         68 00003$:
      00001A D6uFFuFF         [ 1]   69 	ld	a, (s_INITIALIZER - 1, x)
      00001D D7uFFuFF         [ 1]   70 	ld	(s_INITIALIZED - 1, x), a
      000020 5A               [ 2]   71 	decw	x
      000021 26 F7            [ 1]   72 	jrne	00003$
      000023                         73 00004$:
                                     74 ; stm8_genXINIT() end
                                     75 	.area GSFINAL
      000000 CCr00r04         [ 2]   76 	jp	__sdcc_program_startup
                                     77 ;--------------------------------------------------------
                                     78 ; Home
                                     79 ;--------------------------------------------------------
                                     80 	.area HOME
                                     81 	.area HOME
      000004                         82 __sdcc_program_startup:
      000004 CCr00r28         [ 2]   83 	jp	_main
                                     84 ;	return from main will return to caller
                                     85 ;--------------------------------------------------------
                                     86 ; code
                                     87 ;--------------------------------------------------------
                                     88 	.area CODE
                                     89 ;	blink.c: 3: void delay(void)
                                     90 ;	-----------------------------------------
                                     91 ;	 function delay
                                     92 ;	-----------------------------------------
      000000                         93 _delay:
      000000 52 04            [ 2]   94 	sub	sp, #4
                                     95 ;	blink.c: 5: for (volatile long i = 0; i < 30000; i++);  // простая пауза
      000002 5F               [ 1]   96 	clrw	x
      000003 1F 03            [ 2]   97 	ldw	(0x03, sp), x
      000005 1F 01            [ 2]   98 	ldw	(0x01, sp), x
      000007                         99 00103$:
      000007 1E 03            [ 2]  100 	ldw	x, (0x03, sp)
      000009 A3 75 30         [ 2]  101 	cpw	x, #0x7530
      00000C 7B 02            [ 1]  102 	ld	a, (0x02, sp)
      00000E A2 00            [ 1]  103 	sbc	a, #0x00
      000010 7B 01            [ 1]  104 	ld	a, (0x01, sp)
      000012 A2 00            [ 1]  105 	sbc	a, #0x00
      000014 2E 0F            [ 1]  106 	jrsge	00105$
      000016 1E 03            [ 2]  107 	ldw	x, (0x03, sp)
      000018 16 01            [ 2]  108 	ldw	y, (0x01, sp)
      00001A 5C               [ 1]  109 	incw	x
      00001B 26 02            [ 1]  110 	jrne	00122$
      00001D 90 5C            [ 1]  111 	incw	y
      00001F                        112 00122$:
      00001F 1F 03            [ 2]  113 	ldw	(0x03, sp), x
      000021 17 01            [ 2]  114 	ldw	(0x01, sp), y
      000023 20 E2            [ 2]  115 	jra	00103$
      000025                        116 00105$:
                                    117 ;	blink.c: 6: }
      000025 5B 04            [ 2]  118 	addw	sp, #4
      000027 81               [ 4]  119 	ret
                                    120 ;	blink.c: 8: void main(void)
                                    121 ;	-----------------------------------------
                                    122 ;	 function main
                                    123 ;	-----------------------------------------
      000028                        124 _main:
                                    125 ;	blink.c: 11: PB_DDR |= (1 << 5);   // направление: выход
      000028 72 1A 50 07      [ 1]  126 	bset	0x5007, #5
                                    127 ;	blink.c: 12: PB_CR1 |= (1 << 5);   // режим push-pull (тянет и к Vcc, и к GND)
      00002C 72 1A 50 08      [ 1]  128 	bset	0x5008, #5
                                    129 ;	blink.c: 14: while (1)
      000030                        130 00102$:
                                    131 ;	blink.c: 17: PB_ODR ^= (1 << 5);
      000030 90 1A 50 05      [ 1]  132 	bcpl	0x5005, #5
                                    133 ;	blink.c: 18: delay();
      000034 CDr00r00         [ 4]  134 	call	_delay
      000037 20 F7            [ 2]  135 	jra	00102$
                                    136 ;	blink.c: 20: }
      000039 81               [ 4]  137 	ret
                                    138 	.area CODE
                                    139 	.area CONST
                                    140 	.area INITIALIZER
                                    141 	.area CABS (ABS)
