                                      1 ;--------------------------------------------------------
                                      2 ; File Created by SDCC : free open source ISO C Compiler
                                      3 ; Version 4.5.10 #15702 (MINGW64)
                                      4 ;--------------------------------------------------------
                                      5 	.module stm8_I2C
                                      6 	
                                      7 ;--------------------------------------------------------
                                      8 ; Public variables in this module
                                      9 ;--------------------------------------------------------
                                     10 	.globl _init_I2C
                                     11 	.globl _start_I2C
                                     12 	.globl _sendAddress_I2C
                                     13 	.globl _write_I2C
                                     14 	.globl _readAck_I2C
                                     15 	.globl _readNack_I2C
                                     16 	.globl _stop_I2C
                                     17 ;--------------------------------------------------------
                                     18 ; ram data
                                     19 ;--------------------------------------------------------
                                     20 	.area DATA
                                     21 ;--------------------------------------------------------
                                     22 ; ram data
                                     23 ;--------------------------------------------------------
                                     24 	.area INITIALIZED
                                     25 ;--------------------------------------------------------
                                     26 ; absolute external ram data
                                     27 ;--------------------------------------------------------
                                     28 	.area DABS (ABS)
                                     29 
                                     30 ; default segment ordering for linker
                                     31 	.area HOME
                                     32 	.area GSINIT
                                     33 	.area GSFINAL
                                     34 	.area CONST
                                     35 	.area INITIALIZER
                                     36 	.area CODE
                                     37 
                                     38 ;--------------------------------------------------------
                                     39 ; global & static initialisations
                                     40 ;--------------------------------------------------------
                                     41 	.area HOME
                                     42 	.area GSINIT
                                     43 	.area GSFINAL
                                     44 	.area GSINIT
                                     45 ;--------------------------------------------------------
                                     46 ; Home
                                     47 ;--------------------------------------------------------
                                     48 	.area HOME
                                     49 	.area HOME
                                     50 ;--------------------------------------------------------
                                     51 ; code
                                     52 ;--------------------------------------------------------
                                     53 	.area CODE
                                     54 ;	../../libs/stm8_I2C.c: 3: void init_I2C(void) {
                                     55 ;	-----------------------------------------
                                     56 ;	 function init_I2C
                                     57 ;	-----------------------------------------
      000000                         58 _init_I2C:
                                     59 ;	../../libs/stm8_I2C.c: 4: I2C_CR1 &= ~(1 << 0); // PE = 0
      000000 72 11 52 10      [ 1]   60 	bres	0x5210, #0
                                     61 ;	../../libs/stm8_I2C.c: 5: CLK_PCKENR1 |= (1 << 0);
      000004 72 10 50 C7      [ 1]   62 	bset	0x50c7, #0
                                     63 ;	../../libs/stm8_I2C.c: 6: I2C_FREQR = 16;
      000008 35 10 52 12      [ 1]   64 	mov	0x5212+0, #0x10
                                     65 ;	../../libs/stm8_I2C.c: 7: I2C_CCRL = 0x50;      // 100 кГц
      00000C 35 50 52 1A      [ 1]   66 	mov	0x521a+0, #0x50
                                     67 ;	../../libs/stm8_I2C.c: 8: I2C_CCRH = 0x00;
      000010 35 00 52 1B      [ 1]   68 	mov	0x521b+0, #0x00
                                     69 ;	../../libs/stm8_I2C.c: 9: I2C_TRISER = 17;
      000014 35 11 52 1C      [ 1]   70 	mov	0x521c+0, #0x11
                                     71 ;	../../libs/stm8_I2C.c: 10: I2C_CR1 |= (1 << 0);  // PE = 1
      000018 72 10 52 10      [ 1]   72 	bset	0x5210, #0
                                     73 ;	../../libs/stm8_I2C.c: 11: }
      00001C 81               [ 4]   74 	ret
                                     75 ;	../../libs/stm8_I2C.c: 13: uint8_t start_I2C(void) {
                                     76 ;	-----------------------------------------
                                     77 ;	 function start_I2C
                                     78 ;	-----------------------------------------
      00001D                         79 _start_I2C:
                                     80 ;	../../libs/stm8_I2C.c: 15: I2C_CR2 |= (1 << 0); // START
      00001D 72 10 52 11      [ 1]   81 	bset	0x5211, #0
                                     82 ;	../../libs/stm8_I2C.c: 16: while (!(I2C_SR1 & (1 << 0)) && --timeout);
      000021 AE 07 D0         [ 2]   83 	ldw	x, #0x07d0
      000024                         84 00102$:
      000024 72 00 52 17 03   [ 2]   85 	btjt	0x5217, #0, 00104$
      000029 5A               [ 2]   86 	decw	x
      00002A 26 F8            [ 1]   87 	jrne	00102$
      00002C                         88 00104$:
                                     89 ;	../../libs/stm8_I2C.c: 17: return (timeout > 0); // 1 - успех, 0 - провал
      00002C 5D               [ 2]   90 	tnzw	x
      00002D 27 03            [ 1]   91 	jreq	00107$
      00002F A6 01            [ 1]   92 	ld	a, #0x01
      000031 81               [ 4]   93 	ret
      000032                         94 00107$:
      000032 4F               [ 1]   95 	clr	a
                                     96 ;	../../libs/stm8_I2C.c: 18: }
      000033 81               [ 4]   97 	ret
                                     98 ;	../../libs/stm8_I2C.c: 20: uint8_t sendAddress_I2C(uint8_t addr) {
                                     99 ;	-----------------------------------------
                                    100 ;	 function sendAddress_I2C
                                    101 ;	-----------------------------------------
      000034                        102 _sendAddress_I2C:
                                    103 ;	../../libs/stm8_I2C.c: 22: I2C_DR = addr;
      000034 C7 52 16         [ 1]  104 	ld	0x5216, a
                                    105 ;	../../libs/stm8_I2C.c: 23: while (!(I2C_SR1 & (1 << 1)) && --timeout);
      000037 AE 07 D0         [ 2]  106 	ldw	x, #0x07d0
      00003A                        107 00102$:
      00003A 72 02 52 17 03   [ 2]  108 	btjt	0x5217, #1, 00104$
      00003F 5A               [ 2]  109 	decw	x
      000040 26 F8            [ 1]  110 	jrne	00102$
      000042                        111 00104$:
                                    112 ;	../../libs/stm8_I2C.c: 24: if (timeout == 0) return 0;
      000042 5D               [ 2]  113 	tnzw	x
      000043 26 02            [ 1]  114 	jrne	00106$
      000045 4F               [ 1]  115 	clr	a
      000046 81               [ 4]  116 	ret
      000047                        117 00106$:
                                    118 ;	../../libs/stm8_I2C.c: 25: (void)I2C_SR1; 
      000047 C6 52 17         [ 1]  119 	ld	a, 0x5217
                                    120 ;	../../libs/stm8_I2C.c: 26: (void)I2C_SR3; // Сброс ADDR
      00004A C6 52 19         [ 1]  121 	ld	a, 0x5219
                                    122 ;	../../libs/stm8_I2C.c: 27: return 1;
      00004D A6 01            [ 1]  123 	ld	a, #0x01
                                    124 ;	../../libs/stm8_I2C.c: 28: }
      00004F 81               [ 4]  125 	ret
                                    126 ;	../../libs/stm8_I2C.c: 30: uint8_t write_I2C(uint8_t data) {
                                    127 ;	-----------------------------------------
                                    128 ;	 function write_I2C
                                    129 ;	-----------------------------------------
      000050                        130 _write_I2C:
                                    131 ;	../../libs/stm8_I2C.c: 32: I2C_DR = data;
      000050 C7 52 16         [ 1]  132 	ld	0x5216, a
                                    133 ;	../../libs/stm8_I2C.c: 33: while (!(I2C_SR1 & (1 << 7)) && --timeout); // Ждем TXE
      000053 AE 07 D0         [ 2]  134 	ldw	x, #0x07d0
      000056                        135 00102$:
      000056 C6 52 17         [ 1]  136 	ld	a, 0x5217
      000059 2B 03            [ 1]  137 	jrmi	00104$
      00005B 5A               [ 2]  138 	decw	x
      00005C 26 F8            [ 1]  139 	jrne	00102$
      00005E                        140 00104$:
                                    141 ;	../../libs/stm8_I2C.c: 34: return (timeout > 0);
      00005E 5D               [ 2]  142 	tnzw	x
      00005F 27 03            [ 1]  143 	jreq	00107$
      000061 A6 01            [ 1]  144 	ld	a, #0x01
      000063 81               [ 4]  145 	ret
      000064                        146 00107$:
      000064 4F               [ 1]  147 	clr	a
                                    148 ;	../../libs/stm8_I2C.c: 35: }
      000065 81               [ 4]  149 	ret
                                    150 ;	../../libs/stm8_I2C.c: 37: uint8_t readAck_I2C(void) {
                                    151 ;	-----------------------------------------
                                    152 ;	 function readAck_I2C
                                    153 ;	-----------------------------------------
      000066                        154 _readAck_I2C:
                                    155 ;	../../libs/stm8_I2C.c: 38: I2C_CR2 |= (1 << 4); // ACK On
      000066 72 18 52 11      [ 1]  156 	bset	0x5211, #4
                                    157 ;	../../libs/stm8_I2C.c: 39: while (!(I2C_SR1 & (1 << 6))); // RXNE
      00006A                        158 00101$:
      00006A 72 0D 52 17 FB   [ 2]  159 	btjf	0x5217, #6, 00101$
                                    160 ;	../../libs/stm8_I2C.c: 40: return I2C_DR;
      00006F C6 52 16         [ 1]  161 	ld	a, 0x5216
                                    162 ;	../../libs/stm8_I2C.c: 41: }
      000072 81               [ 4]  163 	ret
                                    164 ;	../../libs/stm8_I2C.c: 43: uint8_t readNack_I2C(void) {
                                    165 ;	-----------------------------------------
                                    166 ;	 function readNack_I2C
                                    167 ;	-----------------------------------------
      000073                        168 _readNack_I2C:
                                    169 ;	../../libs/stm8_I2C.c: 44: I2C_CR2 &= ~(1 << 4); // ACK Off (NACK)
      000073 72 19 52 11      [ 1]  170 	bres	0x5211, #4
                                    171 ;	../../libs/stm8_I2C.c: 45: I2C_CR2 |= (1 << 1);  // STOP
      000077 72 12 52 11      [ 1]  172 	bset	0x5211, #1
                                    173 ;	../../libs/stm8_I2C.c: 46: while (!(I2C_SR1 & (1 << 6))); // RXNE
      00007B                        174 00101$:
      00007B 72 0D 52 17 FB   [ 2]  175 	btjf	0x5217, #6, 00101$
                                    176 ;	../../libs/stm8_I2C.c: 47: return I2C_DR;
      000080 C6 52 16         [ 1]  177 	ld	a, 0x5216
                                    178 ;	../../libs/stm8_I2C.c: 48: }
      000083 81               [ 4]  179 	ret
                                    180 ;	../../libs/stm8_I2C.c: 50: void stop_I2C(void) {
                                    181 ;	-----------------------------------------
                                    182 ;	 function stop_I2C
                                    183 ;	-----------------------------------------
      000084                        184 _stop_I2C:
                                    185 ;	../../libs/stm8_I2C.c: 51: I2C_CR2 |= (1 << 1); // STOP
      000084 72 12 52 11      [ 1]  186 	bset	0x5211, #1
                                    187 ;	../../libs/stm8_I2C.c: 52: }
      000088 81               [ 4]  188 	ret
                                    189 	.area CODE
                                    190 	.area CONST
                                    191 	.area INITIALIZER
                                    192 	.area CABS (ABS)
